0 info it worked if it ends with ok
1 verbose cli [ '/usr/bin/node', '/usr/bin/npm', 'install', 'xmlbuilder' ]
2 info using npm@1.4.28
3 info using node@v0.10.33
4 verbose node symlink /usr/bin/node
5 warn package.json karma-coverage@0.2.6 No README data
6 verbose readDependencies using package.json deps
7 verbose cache add [ 'xmlbuilder', null ]
8 verbose cache add name=undefined spec="xmlbuilder" args=["xmlbuilder",null]
9 verbose parsed url { protocol: null,
9 verbose parsed url   slashes: null,
9 verbose parsed url   auth: null,
9 verbose parsed url   host: null,
9 verbose parsed url   port: null,
9 verbose parsed url   hostname: null,
9 verbose parsed url   hash: null,
9 verbose parsed url   search: null,
9 verbose parsed url   query: null,
9 verbose parsed url   pathname: 'xmlbuilder',
9 verbose parsed url   path: 'xmlbuilder',
9 verbose parsed url   href: 'xmlbuilder' }
10 silly lockFile 6c0ecf74-xmlbuilder xmlbuilder
11 verbose lock xmlbuilder /home/hbzhang/.npm/6c0ecf74-xmlbuilder.lock
12 silly lockFile 6c0ecf74-xmlbuilder xmlbuilder
13 silly lockFile 6c0ecf74-xmlbuilder xmlbuilder
14 verbose addNamed [ 'xmlbuilder', '' ]
15 verbose addNamed [ null, '*' ]
16 silly lockFile c721419c-xmlbuilder xmlbuilder@
17 verbose lock xmlbuilder@ /home/hbzhang/.npm/c721419c-xmlbuilder.lock
18 silly addNameRange { name: 'xmlbuilder', range: '*', hasData: false }
19 verbose request where is /xmlbuilder
20 verbose request registry https://registry.npmjs.org/
21 verbose request id 447be52060a8a0ed
22 verbose url raw /xmlbuilder
23 verbose url resolving [ 'https://registry.npmjs.org/', './xmlbuilder' ]
24 verbose url resolved https://registry.npmjs.org/xmlbuilder
25 verbose request where is https://registry.npmjs.org/xmlbuilder
26 info trying registry request attempt 1 at 22:37:58
27 verbose etag "7JWLQMUEMF1ZRIESUF9ZMHYZ4"
28 http GET https://registry.npmjs.org/xmlbuilder
29 http 304 https://registry.npmjs.org/xmlbuilder
30 silly registry.get cb [ 304,
30 silly registry.get   { date: 'Tue, 09 Dec 2014 22:37:58 GMT',
30 silly registry.get     server: 'Apache',
30 silly registry.get     via: '1.1 varnish',
30 silly registry.get     'last-modified': 'Tue, 09 Dec 2014 22:37:58 GMT',
30 silly registry.get     'cache-control': 'max-age=60',
30 silly registry.get     etag: '"7JWLQMUEMF1ZRIESUF9ZMHYZ4"',
30 silly registry.get     age: '2',
30 silly registry.get     'x-served-by': 'cache-jfk1032-JFK',
30 silly registry.get     'x-cache': 'HIT',
30 silly registry.get     'x-cache-hits': '1',
30 silly registry.get     'x-timer': 'S1418164678.242307,VS0,VE0',
30 silly registry.get     vary: 'Accept',
30 silly registry.get     'content-length': '0',
30 silly registry.get     'keep-alive': 'timeout=10, max=50',
30 silly registry.get     connection: 'Keep-Alive' } ]
31 verbose etag https://registry.npmjs.org/xmlbuilder from cache
32 silly addNameRange number 2 { name: 'xmlbuilder', range: '*', hasData: true }
33 silly addNameRange versions [ 'xmlbuilder',
33 silly addNameRange   [ '0.0.1',
33 silly addNameRange     '0.0.2',
33 silly addNameRange     '0.0.3',
33 silly addNameRange     '0.0.4',
33 silly addNameRange     '0.0.5',
33 silly addNameRange     '0.0.6',
33 silly addNameRange     '0.1.0',
33 silly addNameRange     '0.1.1',
33 silly addNameRange     '0.1.2',
33 silly addNameRange     '0.1.3',
33 silly addNameRange     '0.1.4',
33 silly addNameRange     '0.1.5',
33 silly addNameRange     '0.1.6',
33 silly addNameRange     '0.1.7',
33 silly addNameRange     '0.1.8',
33 silly addNameRange     '0.2.0',
33 silly addNameRange     '0.2.1',
33 silly addNameRange     '0.2.2',
33 silly addNameRange     '0.3.0',
33 silly addNameRange     '0.3.1',
33 silly addNameRange     '0.3.2',
33 silly addNameRange     '0.3.3',
33 silly addNameRange     '0.3.4',
33 silly addNameRange     '0.3.5',
33 silly addNameRange     '0.3.6',
33 silly addNameRange     '0.3.7',
33 silly addNameRange     '0.3.8',
33 silly addNameRange     '0.3.9',
33 silly addNameRange     '0.3.10',
33 silly addNameRange     '0.3.11',
33 silly addNameRange     '0.4.0',
33 silly addNameRange     '0.4.1',
33 silly addNameRange     '0.4.2',
33 silly addNameRange     '0.4.3',
33 silly addNameRange     '1.0.0',
33 silly addNameRange     '1.0.1',
33 silly addNameRange     '1.0.2',
33 silly addNameRange     '1.1.0',
33 silly addNameRange     '1.1.1',
33 silly addNameRange     '1.1.2',
33 silly addNameRange     '2.0.0',
33 silly addNameRange     '2.0.1',
33 silly addNameRange     '2.1.0',
33 silly addNameRange     '2.2.1',
33 silly addNameRange     '2.3.0',
33 silly addNameRange     '2.4.0',
33 silly addNameRange     '2.4.1',
33 silly addNameRange     '2.4.2',
33 silly addNameRange     '2.4.3',
33 silly addNameRange     '2.4.4',
33 silly addNameRange     '2.4.5' ] ]
34 verbose addNamed [ 'xmlbuilder', '2.4.5' ]
35 verbose addNamed [ '2.4.5', '2.4.5' ]
36 silly lockFile a7ed1c9f-xmlbuilder-2-4-5 xmlbuilder@2.4.5
37 verbose lock xmlbuilder@2.4.5 /home/hbzhang/.npm/a7ed1c9f-xmlbuilder-2-4-5.lock
38 silly lockFile f05237a7--xmlbuilder-xmlbuilder-2-4-5-tgz https://registry.npmjs.org/xmlbuilder/-/xmlbuilder-2.4.5.tgz
39 verbose lock https://registry.npmjs.org/xmlbuilder/-/xmlbuilder-2.4.5.tgz /home/hbzhang/.npm/f05237a7--xmlbuilder-xmlbuilder-2-4-5-tgz.lock
40 verbose addRemoteTarball [ 'https://registry.npmjs.org/xmlbuilder/-/xmlbuilder-2.4.5.tgz',
40 verbose addRemoteTarball   '0c1c27c8904162cc7f2572ab51cc2ac466007102' ]
41 info retry fetch attempt 1 at 22:37:58
42 verbose fetch to= /tmp/npm-21183-L3quNK86/registry.npmjs.org/xmlbuilder/-/xmlbuilder-2.4.5.tgz
43 http GET https://registry.npmjs.org/xmlbuilder/-/xmlbuilder-2.4.5.tgz
44 http 200 https://registry.npmjs.org/xmlbuilder/-/xmlbuilder-2.4.5.tgz
45 silly lockFile f05237a7--xmlbuilder-xmlbuilder-2-4-5-tgz https://registry.npmjs.org/xmlbuilder/-/xmlbuilder-2.4.5.tgz
46 silly lockFile f05237a7--xmlbuilder-xmlbuilder-2-4-5-tgz https://registry.npmjs.org/xmlbuilder/-/xmlbuilder-2.4.5.tgz
47 silly lockFile a7ed1c9f-xmlbuilder-2-4-5 xmlbuilder@2.4.5
48 silly lockFile a7ed1c9f-xmlbuilder-2-4-5 xmlbuilder@2.4.5
49 silly lockFile c721419c-xmlbuilder xmlbuilder@
50 silly lockFile c721419c-xmlbuilder xmlbuilder@
51 error Error: EACCES, mkdir '/home/hbzhang/.npm/xmlbuilder/2.4.5'
51 error  { [Error: EACCES, mkdir '/home/hbzhang/.npm/xmlbuilder/2.4.5']
51 error   errno: 3,
51 error   code: 'EACCES',
51 error   path: '/home/hbzhang/.npm/xmlbuilder/2.4.5',
51 error   parent: 'mean' }
52 error Please try running this command again as root/Administrator.
53 error System Linux 3.2.0-69-generic
54 error command "/usr/bin/node" "/usr/bin/npm" "install" "xmlbuilder"
55 error cwd /home/hbzhang/rsstack
56 error node -v v0.10.33
57 error npm -v 1.4.28
58 error path /home/hbzhang/.npm/xmlbuilder/2.4.5
59 error code EACCES
60 error errno 3
61 error stack Error: EACCES, mkdir '/home/hbzhang/.npm/xmlbuilder/2.4.5'
62 verbose exit [ 3, true ]
